<?xml version="1.0" encoding="UTF-8"?>
<!-- Generated by org.testng.reporters.JUnitReportReporter -->
<testsuite hostname="DESKTOP-MKCV455" failures="0" tests="1" name="swagLab.Class1" time="18.495" errors="0" timestamp="2024-01-31T23:28:10 EST" skipped="0">
  <testcase classname="swagLab.Class1" name="login" time="18.495"/>
  <system-out/>
</testsuite> <!-- swagLab.Class1 -->
