<?xml version="1.0" encoding="UTF-8"?>
<!-- Generated by org.testng.reporters.JUnitReportReporter -->
<testsuite hostname="DESKTOP-MKCV455" failures="0" tests="1" name="swagLab.Class1" time="3.386" errors="0" timestamp="2024-02-01T00:06:19 EST" skipped="0">
  <testcase classname="swagLab.Class1" name="myTest" time="3.386"/>
  <system-out/>
</testsuite> <!-- swagLab.Class1 -->
